Using pre-set license
Built from '2020.3/staging' branch; Version is '2020.3.13f1 (71691879b7f5) revision 7432472'; Using compiler version '192528614'; Build Type 'Release'
OS: 'Windows 7  (6.1.0) 64bit' Language: 'tr' Physical Memory: 8122 MB
BatchMode: 1, IsHumanControllingUs: 0, StartBugReporterOnCrash: 0, Is64bit: 1, IsPro: 0

 COMMAND LINE ARGUMENTS:
C:\Program Files\Unity\Hub\Editor\2020.3.13f1\Editor\Unity.exe
-adb2
-batchMode
-noUpm
-name
AssetImportWorker0
-projectPath
C:/Users/alt/punch or not
-logFile
Logs/AssetImportWorker0.log
-srvPort
50580
Successfully changed project path to: C:/Users/alt/punch or not
C:/Users/alt/punch or not
Using Asset Import Pipeline V2.
Refreshing native plugins compatible for Editor in 41.96 ms, found 2 plugins.
Preloading 0 native plugins for Editor in 0.00 ms.
Initialize engine version: 2020.3.13f1 (71691879b7f5)
[Subsystems] Discovering subsystems at path C:/Program Files/Unity/Hub/Editor/2020.3.13f1/Editor/Data/Resources/UnitySubsystems
[Subsystems] Discovering subsystems at path C:/Users/alt/punch or not/Assets
GfxDevice: creating device client; threaded=0
d3d11: CreateDXGIFactory2(...) not found, fallbacking to CreateDXGIFactory1(...).
d3d11: QueryInterface(IDXGIFactory5) failed (80004002).
Direct3D:
    Version:  Direct3D 11.0 [level 11.0]
    Renderer: NVIDIA GeForce 840M (ID=0x1341)
    Vendor:   
    VRAM:     1986 MB
    Driver:   27.21.14.6140
Initialize mono
Mono path[0] = 'C:/Program Files/Unity/Hub/Editor/2020.3.13f1/Editor/Data/Managed'
Mono path[1] = 'C:/Program Files/Unity/Hub/Editor/2020.3.13f1/Editor/Data/MonoBleedingEdge/lib/mono/unityjit'
Mono config path = 'C:/Program Files/Unity/Hub/Editor/2020.3.13f1/Editor/Data/MonoBleedingEdge/etc'
Using monoOptions --debugger-agent=transport=dt_socket,embedding=1,server=y,suspend=n,address=127.0.0.1:56632
Begin MonoManager ReloadAssembly
Registering precompiled unity dll's ...
Register platform support module: C:/Program Files/Unity/Hub/Editor/2020.3.13f1/Editor/Data/PlaybackEngines/WindowsStandaloneSupport/UnityEditor.WindowsStandalone.Extensions.dll
Registered in 0.001293 seconds.
Native extension for WindowsStandalone target not found
Refreshing native plugins compatible for Editor in 41.74 ms, found 2 plugins.
Preloading 0 native plugins for Editor in 0.00 ms.
Mono: successfully reloaded assembly
- Completed reload, in  1.387 seconds
Platform modules already initialized, skipping
Registering precompiled user dll's ...
Registered in 0.003358 seconds.
Begin MonoManager ReloadAssembly
Native extension for WindowsStandalone target not found
Refreshing native plugins compatible for Editor in 0.45 ms, found 2 plugins.
Preloading 0 native plugins for Editor in 0.00 ms.
Mono: successfully reloaded assembly
- Completed reload, in  1.526 seconds
Platform modules already initialized, skipping
========================================================================
Worker process is ready to serve import requests
Launched and connected shader compiler UnityShaderCompiler.exe after 0.06 seconds
Refreshing native plugins compatible for Editor in 0.36 ms, found 2 plugins.
Preloading 0 native plugins for Editor in 0.00 ms.
Unloading 1392 Unused Serialized files (Serialized files now loaded: 0)
System memory in use before: 64.9 MB.
System memory in use after: 65.0 MB.

Unloading 19 unused Assets to reduce memory usage. Loaded Objects now: 1826.
Total: 5.992564 ms (FindLiveObjects: 0.415242 ms CreateObjectMapping: 0.214677 ms MarkObjects: 5.255307 ms  DeleteObjects: 0.104773 ms)

AssetImportParameters requested are different than current active one (requested -> active):
  custom:framework-win-MediaFoundation: 216162199b28c13a410421893ffa2e32 -> 
  custom:video-decoder-ogg-theora: a1e56fd34408186e4bbccfd4996cb3dc -> 
  custom:container-muxer-webm: aa71ff27fc2769a1b78a27578f13a17b -> 
  custom:container-demuxer-webm: 4f35f7cbe854078d1ac9338744f61a02 -> 
  custom:container-demuxer-ogg: 62fdf1f143b41e24485cea50d1cbac27 -> 
  custom:video-encoder-webm-vp8: eb34c28f22e8b96e1ab97ce403110664 -> 
  custom:video-decoder-webm-vp8: 9c59270c3fd7afecdb556c50c9e8de78 -> 
  custom:audio-decoder-ogg-vorbis: bf7c407c2cedff20999df2af8eb42d56 -> 
  custom:audio-encoder-webm-vorbis: bf7c407c2cedff20999df2af8eb42d56 -> 
========================================================================
Received Import Request.
  path: ProjectSettings/TagManager.asset
  artifactKey: Guid(00000000000000003000000000000000) Importer(815301076,1909f56bfc062723c751e8b465ee728b)
Start importing ProjectSettings/TagManager.asset using Guid(00000000000000003000000000000000) Importer(815301076,1909f56bfc062723c751e8b465ee728b)  -> (artifact id: '8deb03135d2c90021162b76354c207ff') in 0.072828 seconds 
  Import took 0.077730 seconds .

========================================================================
Received Import Request.
  Time since last request: 2.207144 seconds.
  path: Assets/cam.prefab
  artifactKey: Guid(17a143ee42bf3f148848fb193b541d34) Importer(815301076,1909f56bfc062723c751e8b465ee728b)
Start importing Assets/cam.prefab using Guid(17a143ee42bf3f148848fb193b541d34) Importer(815301076,1909f56bfc062723c751e8b465ee728b)  -> (artifact id: '62a0ffc2e761a93be754fdb1da5e7a57') in 0.195891 seconds 
  Import took 0.202891 seconds .

========================================================================
Received Prepare
Registering precompiled user dll's ...
Registered in 0.002858 seconds.
Begin MonoManager ReloadAssembly
Native extension for WindowsStandalone target not found
Refreshing native plugins compatible for Editor in 0.43 ms, found 2 plugins.
Preloading 0 native plugins for Editor in 0.00 ms.
Mono: successfully reloaded assembly
- Completed reload, in  1.507 seconds
Platform modules already initialized, skipping
Refreshing native plugins compatible for Editor in 0.48 ms, found 2 plugins.
Preloading 0 native plugins for Editor in 0.00 ms.
Unloading 1387 Unused Serialized files (Serialized files now loaded: 0)
System memory in use before: 68.0 MB.
System memory in use after: 68.1 MB.

Unloading 15 unused Assets to reduce memory usage. Loaded Objects now: 1837.
Total: 3.222292 ms (FindLiveObjects: 0.251027 ms CreateObjectMapping: 0.145826 ms MarkObjects: 2.750173 ms  DeleteObjects: 0.073982 ms)

AssetImportParameters requested are different than current active one (requested -> active):
  custom:framework-win-MediaFoundation: 216162199b28c13a410421893ffa2e32 -> 
  custom:video-decoder-ogg-theora: a1e56fd34408186e4bbccfd4996cb3dc -> 
  custom:container-muxer-webm: aa71ff27fc2769a1b78a27578f13a17b -> 
  custom:container-demuxer-webm: 4f35f7cbe854078d1ac9338744f61a02 -> 
  custom:container-demuxer-ogg: 62fdf1f143b41e24485cea50d1cbac27 -> 
  custom:video-encoder-webm-vp8: eb34c28f22e8b96e1ab97ce403110664 -> 
  custom:video-decoder-webm-vp8: 9c59270c3fd7afecdb556c50c9e8de78 -> 
  custom:audio-decoder-ogg-vorbis: bf7c407c2cedff20999df2af8eb42d56 -> 
  custom:audio-encoder-webm-vorbis: bf7c407c2cedff20999df2af8eb42d56 -> 
========================================================================
Received Prepare
Registering precompiled user dll's ...
Registered in 0.004438 seconds.
Begin MonoManager ReloadAssembly
Native extension for WindowsStandalone target not found
Refreshing native plugins compatible for Editor in 0.40 ms, found 2 plugins.
Preloading 0 native plugins for Editor in 0.00 ms.
Mono: successfully reloaded assembly
- Completed reload, in  1.642 seconds
Platform modules already initialized, skipping
Refreshing native plugins compatible for Editor in 0.46 ms, found 2 plugins.
Preloading 0 native plugins for Editor in 0.00 ms.
Unloading 1387 Unused Serialized files (Serialized files now loaded: 0)
System memory in use before: 68.0 MB.
System memory in use after: 68.1 MB.

Unloading 14 unused Assets to reduce memory usage. Loaded Objects now: 1840.
Total: 2.824583 ms (FindLiveObjects: 0.212539 ms CreateObjectMapping: 0.122306 ms MarkObjects: 2.418750 ms  DeleteObjects: 0.069706 ms)

AssetImportParameters requested are different than current active one (requested -> active):
  custom:framework-win-MediaFoundation: 216162199b28c13a410421893ffa2e32 -> 
  custom:video-decoder-ogg-theora: a1e56fd34408186e4bbccfd4996cb3dc -> 
  custom:container-muxer-webm: aa71ff27fc2769a1b78a27578f13a17b -> 
  custom:container-demuxer-webm: 4f35f7cbe854078d1ac9338744f61a02 -> 
  custom:container-demuxer-ogg: 62fdf1f143b41e24485cea50d1cbac27 -> 
  custom:video-encoder-webm-vp8: eb34c28f22e8b96e1ab97ce403110664 -> 
  custom:video-decoder-webm-vp8: 9c59270c3fd7afecdb556c50c9e8de78 -> 
  custom:audio-decoder-ogg-vorbis: bf7c407c2cedff20999df2af8eb42d56 -> 
  custom:audio-encoder-webm-vorbis: bf7c407c2cedff20999df2af8eb42d56 -> 
========================================================================
Received Import Request.
  Time since last request: 165.363596 seconds.
  path: Assets/Prefabs
  artifactKey: Guid(4231f2f8412014248be425cbf9bd8a77) Importer(815301076,1909f56bfc062723c751e8b465ee728b)
Start importing Assets/Prefabs using Guid(4231f2f8412014248be425cbf9bd8a77) Importer(815301076,1909f56bfc062723c751e8b465ee728b)  -> (artifact id: 'fbd783b3a9b4cc616547ca12796c4e0e') in 0.007668 seconds 
  Import took 0.013144 seconds .

========================================================================
Received Import Request.
  Time since last request: 44.036531 seconds.
  path: Assets/Prefabs/zorluk1.prefab
  artifactKey: Guid(e8f4c76e21580c84cbf30a908cbe7cf4) Importer(815301076,1909f56bfc062723c751e8b465ee728b)
Start importing Assets/Prefabs/zorluk1.prefab using Guid(e8f4c76e21580c84cbf30a908cbe7cf4) Importer(815301076,1909f56bfc062723c751e8b465ee728b)  -> (artifact id: 'f0e0d70709c0a35f8da3817e59cb5a30') in 0.105201 seconds 
  Import took 0.110523 seconds .

========================================================================
Received Import Request.
  Time since last request: 29.186104 seconds.
  path: Assets/Prefabs/zorluk2.prefab
  artifactKey: Guid(30da370ed61abdf4c86bf094582ddf2d) Importer(815301076,1909f56bfc062723c751e8b465ee728b)
Start importing Assets/Prefabs/zorluk2.prefab using Guid(30da370ed61abdf4c86bf094582ddf2d) Importer(815301076,1909f56bfc062723c751e8b465ee728b)  -> (artifact id: '154572c3038d0ebe9460fdf4611919b7') in 0.025228 seconds 
  Import took 0.032793 seconds .

========================================================================
Received Import Request.
  Time since last request: 20.950674 seconds.
  path: Assets/Prefabs/zorluk3.prefab
  artifactKey: Guid(f8978fd89ec524e4e927851dd8d84293) Importer(815301076,1909f56bfc062723c751e8b465ee728b)
Start importing Assets/Prefabs/zorluk3.prefab using Guid(f8978fd89ec524e4e927851dd8d84293) Importer(815301076,1909f56bfc062723c751e8b465ee728b)  -> (artifact id: '1932a519856ba9810896833a5be2a76e') in 0.019760 seconds 
  Import took 0.024261 seconds .

========================================================================
Received Import Request.
  Time since last request: 23.138218 seconds.
  path: Assets/Prefabs/zorluk4.prefab
  artifactKey: Guid(1a308e047ecedd443a17d1e484c5ad05) Importer(815301076,1909f56bfc062723c751e8b465ee728b)
Start importing Assets/Prefabs/zorluk4.prefab using Guid(1a308e047ecedd443a17d1e484c5ad05) Importer(815301076,1909f56bfc062723c751e8b465ee728b)  -> (artifact id: '2bc9ba71717b6c877a8e7a8ae007685a') in 0.018531 seconds 
  Import took 0.024161 seconds .

========================================================================
Received Import Request.
  Time since last request: 0.002540 seconds.
  path: Assets/Prefabs/zorluk4.prefab
  artifactKey: Guid(1a308e047ecedd443a17d1e484c5ad05) Importer(815301076,1909f56bfc062723c751e8b465ee728b)
Start importing Assets/Prefabs/zorluk4.prefab using Guid(1a308e047ecedd443a17d1e484c5ad05) Importer(815301076,1909f56bfc062723c751e8b465ee728b)  -> (artifact id: '2bc9ba71717b6c877a8e7a8ae007685a') in 0.017860 seconds 
  Import took 0.022658 seconds .

========================================================================
Received Import Request.
  Time since last request: 17.766498 seconds.
  path: Assets/Prefabs/zorluk5.prefab
  artifactKey: Guid(e7f9d4ee6954a2440920f00aa594fe3a) Importer(815301076,1909f56bfc062723c751e8b465ee728b)
Start importing Assets/Prefabs/zorluk5.prefab using Guid(e7f9d4ee6954a2440920f00aa594fe3a) Importer(815301076,1909f56bfc062723c751e8b465ee728b)  -> (artifact id: '018dcec96a4f8da034329bf7ea54cdec') in 0.018233 seconds 
  Import took 0.022557 seconds .

========================================================================
Received Import Request.
  Time since last request: 0.004684 seconds.
  path: Assets/Prefabs/zorluk5.prefab
  artifactKey: Guid(e7f9d4ee6954a2440920f00aa594fe3a) Importer(815301076,1909f56bfc062723c751e8b465ee728b)
Start importing Assets/Prefabs/zorluk5.prefab using Guid(e7f9d4ee6954a2440920f00aa594fe3a) Importer(815301076,1909f56bfc062723c751e8b465ee728b)  -> (artifact id: '018dcec96a4f8da034329bf7ea54cdec') in 0.016475 seconds 
  Import took 0.021247 seconds .

========================================================================
Received Import Request.
  Time since last request: 12.566395 seconds.
  path: Assets/Prefabs/zorluk6.prefab
  artifactKey: Guid(6656c2eca210d174c9abd4f91376317f) Importer(815301076,1909f56bfc062723c751e8b465ee728b)
Start importing Assets/Prefabs/zorluk6.prefab using Guid(6656c2eca210d174c9abd4f91376317f) Importer(815301076,1909f56bfc062723c751e8b465ee728b)  -> (artifact id: 'd9077f776d8695be48b4fd80b10a4a37') in 0.015767 seconds 
  Import took 0.020856 seconds .

========================================================================
Received Import Request.
  Time since last request: 0.005429 seconds.
  path: Assets/Prefabs/zorluk6.prefab
  artifactKey: Guid(6656c2eca210d174c9abd4f91376317f) Importer(815301076,1909f56bfc062723c751e8b465ee728b)
Start importing Assets/Prefabs/zorluk6.prefab using Guid(6656c2eca210d174c9abd4f91376317f) Importer(815301076,1909f56bfc062723c751e8b465ee728b)  -> (artifact id: 'd9077f776d8695be48b4fd80b10a4a37') in 0.019649 seconds 
  Import took 0.023984 seconds .

========================================================================
Received Import Request.
  Time since last request: 32.245061 seconds.
  path: Assets/Prefabs/zorluk7.prefab
  artifactKey: Guid(06f581e02390be042a8e04399b99339f) Importer(815301076,1909f56bfc062723c751e8b465ee728b)
Start importing Assets/Prefabs/zorluk7.prefab using Guid(06f581e02390be042a8e04399b99339f) Importer(815301076,1909f56bfc062723c751e8b465ee728b)  -> (artifact id: '343f5a7c94181f9471e4408907f7989f') in 0.017471 seconds 
  Import took 0.021712 seconds .

========================================================================
Received Import Request.
  Time since last request: 0.004808 seconds.
  path: Assets/Prefabs/zorluk7.prefab
  artifactKey: Guid(06f581e02390be042a8e04399b99339f) Importer(815301076,1909f56bfc062723c751e8b465ee728b)
Start importing Assets/Prefabs/zorluk7.prefab using Guid(06f581e02390be042a8e04399b99339f) Importer(815301076,1909f56bfc062723c751e8b465ee728b)  -> (artifact id: '343f5a7c94181f9471e4408907f7989f') in 0.015191 seconds 
  Import took 0.019915 seconds .

========================================================================
Received Import Request.
  Time since last request: 25.953538 seconds.
  path: Assets/Prefabs/zorluk8.prefab
  artifactKey: Guid(d7b5d63526d8e624f8140386eb89987b) Importer(815301076,1909f56bfc062723c751e8b465ee728b)
Start importing Assets/Prefabs/zorluk8.prefab using Guid(d7b5d63526d8e624f8140386eb89987b) Importer(815301076,1909f56bfc062723c751e8b465ee728b)  -> (artifact id: '8da3b5b7720a551c066a977631fe381c') in 0.035537 seconds 
  Import took 0.040728 seconds .

========================================================================
Received Import Request.
  Time since last request: 20.234195 seconds.
  path: Assets/Scenes
  artifactKey: Guid(94b89ef06b031444da1e68a07eeb9fbc) Importer(815301076,1909f56bfc062723c751e8b465ee728b)
Start importing Assets/Scenes using Guid(94b89ef06b031444da1e68a07eeb9fbc) Importer(815301076,1909f56bfc062723c751e8b465ee728b)  -> (artifact id: 'bd1c6a1132d5f9cc64d97e05779a1551') in 0.001878 seconds 
  Import took 0.009046 seconds .

========================================================================
Received Import Request.
  Time since last request: 3.565411 seconds.
  path: Assets/scripts/move.cs
  artifactKey: Guid(d7c89a33a9760a047b6135c98eb95aa6) Importer(815301076,1909f56bfc062723c751e8b465ee728b)
Start importing Assets/scripts/move.cs using Guid(d7c89a33a9760a047b6135c98eb95aa6) Importer(815301076,1909f56bfc062723c751e8b465ee728b)  -> (artifact id: '5c3561357026de043a47971375ca8e20') in 0.035245 seconds 
  Import took 0.039631 seconds .

========================================================================
Received Import Request.
  Time since last request: 0.000835 seconds.
  path: Assets/scripts/move.cs
  artifactKey: Guid(d7c89a33a9760a047b6135c98eb95aa6) Importer(815301076,1909f56bfc062723c751e8b465ee728b)
Start importing Assets/scripts/move.cs using Guid(d7c89a33a9760a047b6135c98eb95aa6) Importer(815301076,1909f56bfc062723c751e8b465ee728b)  -> (artifact id: '5c3561357026de043a47971375ca8e20') in 0.002151 seconds 
  Import took 0.007584 seconds .

========================================================================
Received Import Request.
  Time since last request: 76.119920 seconds.
  path: Assets/scripts/rasgeleZorluk.cs
  artifactKey: Guid(eb9f40993bf0c794a9ffacc321fa315d) Importer(815301076,1909f56bfc062723c751e8b465ee728b)
Start importing Assets/scripts/rasgeleZorluk.cs using Guid(eb9f40993bf0c794a9ffacc321fa315d) Importer(815301076,1909f56bfc062723c751e8b465ee728b)  -> (artifact id: 'df75c24deec445dae4b33a7201e8bca8') in 0.003719 seconds 
  Import took 0.009353 seconds .

========================================================================
Received Prepare
Registering precompiled user dll's ...
Registered in 0.004988 seconds.
Begin MonoManager ReloadAssembly
Native extension for WindowsStandalone target not found
Refreshing native plugins compatible for Editor in 0.47 ms, found 2 plugins.
Preloading 0 native plugins for Editor in 0.00 ms.
Mono: successfully reloaded assembly
- Completed reload, in  2.714 seconds
Platform modules already initialized, skipping
Refreshing native plugins compatible for Editor in 0.96 ms, found 2 plugins.
Preloading 0 native plugins for Editor in 0.00 ms.
Unloading 1388 Unused Serialized files (Serialized files now loaded: 0)
System memory in use before: 68.1 MB.
System memory in use after: 68.2 MB.

Unloading 14 unused Assets to reduce memory usage. Loaded Objects now: 1845.
Total: 78.719277 ms (FindLiveObjects: 0.427643 ms CreateObjectMapping: 0.228789 ms MarkObjects: 77.961921 ms  DeleteObjects: 0.097503 ms)

AssetImportParameters requested are different than current active one (requested -> active):
  custom:framework-win-MediaFoundation: 216162199b28c13a410421893ffa2e32 -> 
  custom:video-decoder-ogg-theora: a1e56fd34408186e4bbccfd4996cb3dc -> 
  custom:container-muxer-webm: aa71ff27fc2769a1b78a27578f13a17b -> 
  custom:container-demuxer-webm: 4f35f7cbe854078d1ac9338744f61a02 -> 
  custom:container-demuxer-ogg: 62fdf1f143b41e24485cea50d1cbac27 -> 
  custom:video-encoder-webm-vp8: eb34c28f22e8b96e1ab97ce403110664 -> 
  custom:video-decoder-webm-vp8: 9c59270c3fd7afecdb556c50c9e8de78 -> 
  custom:audio-decoder-ogg-vorbis: bf7c407c2cedff20999df2af8eb42d56 -> 
  custom:audio-encoder-webm-vorbis: bf7c407c2cedff20999df2af8eb42d56 -> 
========================================================================
Received Prepare
Registering precompiled user dll's ...
Registered in 0.003440 seconds.
Begin MonoManager ReloadAssembly
Native extension for WindowsStandalone target not found
Refreshing native plugins compatible for Editor in 0.43 ms, found 2 plugins.
Preloading 0 native plugins for Editor in 0.00 ms.
Mono: successfully reloaded assembly
- Completed reload, in  1.754 seconds
Platform modules already initialized, skipping
Refreshing native plugins compatible for Editor in 0.41 ms, found 2 plugins.
Preloading 0 native plugins for Editor in 0.00 ms.
Unloading 1388 Unused Serialized files (Serialized files now loaded: 0)
System memory in use before: 68.2 MB.
System memory in use after: 68.2 MB.

Unloading 14 unused Assets to reduce memory usage. Loaded Objects now: 1848.
Total: 3.781649 ms (FindLiveObjects: 0.249744 ms CreateObjectMapping: 0.127865 ms MarkObjects: 3.329630 ms  DeleteObjects: 0.073127 ms)

AssetImportParameters requested are different than current active one (requested -> active):
  custom:framework-win-MediaFoundation: 216162199b28c13a410421893ffa2e32 -> 
  custom:video-decoder-ogg-theora: a1e56fd34408186e4bbccfd4996cb3dc -> 
  custom:container-muxer-webm: aa71ff27fc2769a1b78a27578f13a17b -> 
  custom:container-demuxer-webm: 4f35f7cbe854078d1ac9338744f61a02 -> 
  custom:container-demuxer-ogg: 62fdf1f143b41e24485cea50d1cbac27 -> 
  custom:video-encoder-webm-vp8: eb34c28f22e8b96e1ab97ce403110664 -> 
  custom:video-decoder-webm-vp8: 9c59270c3fd7afecdb556c50c9e8de78 -> 
  custom:audio-decoder-ogg-vorbis: bf7c407c2cedff20999df2af8eb42d56 -> 
  custom:audio-encoder-webm-vorbis: bf7c407c2cedff20999df2af8eb42d56 -> 
========================================================================
Received Import Request.
  Time since last request: 293.200216 seconds.
  path: Assets/Animators/Karakter.controller
  artifactKey: Guid(1ca213f514b5a6f40bb2936a6cc6ae3f) Importer(815301076,1909f56bfc062723c751e8b465ee728b)
Start importing Assets/Animators/Karakter.controller using Guid(1ca213f514b5a6f40bb2936a6cc6ae3f) Importer(815301076,1909f56bfc062723c751e8b465ee728b)  -> (artifact id: '67694e79ee32fb1392dc7ad5c1d8671f') in 0.600624 seconds 
  Import took 0.606650 seconds .

========================================================================
Received Import Request.
  Time since last request: 0.054415 seconds.
  path: Assets/Animators/Karakter.controller
  artifactKey: Guid(1ca213f514b5a6f40bb2936a6cc6ae3f) Importer(815301076,1909f56bfc062723c751e8b465ee728b)
Start importing Assets/Animators/Karakter.controller using Guid(1ca213f514b5a6f40bb2936a6cc6ae3f) Importer(815301076,1909f56bfc062723c751e8b465ee728b)  -> (artifact id: '67694e79ee32fb1392dc7ad5c1d8671f') in 0.018058 seconds 
  Import took 0.037401 seconds .

========================================================================
Received Prepare
Registering precompiled user dll's ...
Registered in 0.003873 seconds.
Begin MonoManager ReloadAssembly
Native extension for WindowsStandalone target not found
Refreshing native plugins compatible for Editor in 0.39 ms, found 2 plugins.
Preloading 0 native plugins for Editor in 0.00 ms.
Mono: successfully reloaded assembly
- Completed reload, in  1.554 seconds
Platform modules already initialized, skipping
Refreshing native plugins compatible for Editor in 0.47 ms, found 2 plugins.
Preloading 0 native plugins for Editor in 0.00 ms.
Unloading 1388 Unused Serialized files (Serialized files now loaded: 0)
System memory in use before: 68.2 MB.
System memory in use after: 68.3 MB.

Unloading 14 unused Assets to reduce memory usage. Loaded Objects now: 1851.
Total: 3.267622 ms (FindLiveObjects: 0.394287 ms CreateObjectMapping: 0.168919 ms MarkObjects: 2.630006 ms  DeleteObjects: 0.072699 ms)

AssetImportParameters requested are different than current active one (requested -> active):
  custom:framework-win-MediaFoundation: 216162199b28c13a410421893ffa2e32 -> 
  custom:video-decoder-ogg-theora: a1e56fd34408186e4bbccfd4996cb3dc -> 
  custom:container-muxer-webm: aa71ff27fc2769a1b78a27578f13a17b -> 
  custom:container-demuxer-webm: 4f35f7cbe854078d1ac9338744f61a02 -> 
  custom:container-demuxer-ogg: 62fdf1f143b41e24485cea50d1cbac27 -> 
  custom:video-encoder-webm-vp8: eb34c28f22e8b96e1ab97ce403110664 -> 
  custom:video-decoder-webm-vp8: 9c59270c3fd7afecdb556c50c9e8de78 -> 
  custom:audio-decoder-ogg-vorbis: bf7c407c2cedff20999df2af8eb42d56 -> 
  custom:audio-encoder-webm-vorbis: bf7c407c2cedff20999df2af8eb42d56 -> 
========================================================================
Received Prepare
Registering precompiled user dll's ...
Registered in 0.002763 seconds.
Begin MonoManager ReloadAssembly
Native extension for WindowsStandalone target not found
Refreshing native plugins compatible for Editor in 0.61 ms, found 2 plugins.
Preloading 0 native plugins for Editor in 0.00 ms.
Mono: successfully reloaded assembly
- Completed reload, in  1.588 seconds
Platform modules already initialized, skipping
Refreshing native plugins compatible for Editor in 0.50 ms, found 2 plugins.
Preloading 0 native plugins for Editor in 0.00 ms.
Unloading 1388 Unused Serialized files (Serialized files now loaded: 0)
System memory in use before: 68.2 MB.
System memory in use after: 68.3 MB.

Unloading 14 unused Assets to reduce memory usage. Loaded Objects now: 1854.
Total: 5.026946 ms (FindLiveObjects: 0.415242 ms CreateObjectMapping: 0.215105 ms MarkObjects: 4.279425 ms  DeleteObjects: 0.115036 ms)

AssetImportParameters requested are different than current active one (requested -> active):
  custom:framework-win-MediaFoundation: 216162199b28c13a410421893ffa2e32 -> 
  custom:video-decoder-ogg-theora: a1e56fd34408186e4bbccfd4996cb3dc -> 
  custom:container-muxer-webm: aa71ff27fc2769a1b78a27578f13a17b -> 
  custom:container-demuxer-webm: 4f35f7cbe854078d1ac9338744f61a02 -> 
  custom:container-demuxer-ogg: 62fdf1f143b41e24485cea50d1cbac27 -> 
  custom:video-encoder-webm-vp8: eb34c28f22e8b96e1ab97ce403110664 -> 
  custom:video-decoder-webm-vp8: 9c59270c3fd7afecdb556c50c9e8de78 -> 
  custom:audio-decoder-ogg-vorbis: bf7c407c2cedff20999df2af8eb42d56 -> 
  custom:audio-encoder-webm-vorbis: bf7c407c2cedff20999df2af8eb42d56 -> 
AssetImportWorkerClient::OnTransportError - code=2 error=End of file
